{"time":"2025-03-24T00:26:50.806916+08:00","level":"ERROR","msg":"trigger eval error","usecase":"Click to allience help","trigger":"state.isAllianceHelpNeeded == true","error":"compile error: ERROR: <input>:1:1: undeclared reference to 'state' (in container '')\n | state.isAllianceHelpNeeded == true\n | ^"}
{"time":"2025-03-24T00:26:50.807054+08:00","level":"ERROR","msg":"trigger eval error","usecase":"Claim Exploration Rewards","trigger":"state.claimButtonIsGreen == true","error":"compile error: ERROR: <input>:1:1: undeclared reference to 'state' (in container '')\n | state.claimButtonIsGreen == true\n | ^"}
{"time":"2025-03-24T00:26:50.807225+08:00","level":"ERROR","msg":"trigger eval error","usecase":"Exploration Battle","trigger":"state.isExplorationAvailable == true","error":"compile error: ERROR: <input>:1:1: undeclared reference to 'state' (in container '')\n | state.isExplorationAvailable == true\n | ^"}
{"time":"2025-03-24T00:26:50.807438+08:00","level":"ERROR","msg":"trigger eval error","usecase":"Claim Exploration Rewards","trigger":"state.claimButtonIsGreen == true","error":"compile error: ERROR: <input>:1:1: undeclared reference to 'state' (in container '')\n | state.claimButtonIsGreen == true\n | ^"}
{"time":"2025-03-24T00:33:26.253772+08:00","level":"INFO","msg":"App initialized","accounts":2}
{"time":"2025-03-24T00:33:27.468643+08:00","level":"ERROR","msg":"trigger eval error","usecase":"Claim Exploration Rewards","trigger":"state.claimButtonIsGreen == true","error":"compile error: ERROR: <input>:1:1: undeclared reference to 'state' (in container '')\n | state.claimButtonIsGreen == true\n | ^"}
{"time":"2025-03-24T00:33:27.468802+08:00","level":"ERROR","msg":"trigger eval error","usecase":"Exploration Battle","trigger":"state.isExplorationAvailable == true","error":"compile error: ERROR: <input>:1:1: undeclared reference to 'state' (in container '')\n | state.isExplorationAvailable == true\n | ^"}
{"time":"2025-03-24T00:33:27.46891+08:00","level":"ERROR","msg":"trigger eval error","usecase":"Claim Exploration Rewards","trigger":"state.claimButtonIsGreen == true","error":"compile error: ERROR: <input>:1:1: undeclared reference to 'state' (in container '')\n | state.claimButtonIsGreen == true\n | ^"}
{"time":"2025-03-24T00:48:52.80245+08:00","level":"INFO","msg":"App initialized","accounts":2}
{"time":"2025-03-24T00:48:53.798906+08:00","level":"ERROR","msg":"trigger eval error","usecase":"Claim Exploration Rewards","trigger":"state.isExplorationButtonGreen == true","error":"compile error: ERROR: <input>:1:1: undeclared reference to 'state' (in container '')\n | state.isExplorationButtonGreen == true\n | ^"}
{"time":"2025-03-24T00:48:53.799167+08:00","level":"ERROR","msg":"trigger eval error","usecase":"Exploration Battle","trigger":"state.isExplorationAvailable == true","error":"compile error: ERROR: <input>:1:1: undeclared reference to 'state' (in container '')\n | state.isExplorationAvailable == true\n | ^"}
{"time":"2025-03-24T00:51:48.245409+08:00","level":"INFO","msg":"App initialized","accounts":2}
{"time":"2025-03-24T00:51:49.074078+08:00","level":"ERROR","msg":"trigger eval error","usecase":"Claim Exploration Rewards","trigger":"exploration.state.isClaimButtonGreen == true","error":"compile error: ERROR: <input>:1:1: undeclared reference to 'exploration' (in container '')\n | exploration.state.isClaimButtonGreen == true\n | ^"}
{"time":"2025-03-24T00:51:49.074359+08:00","level":"ERROR","msg":"trigger eval error","usecase":"Exploration Battle","trigger":"state.isExplorationAvailable == true","error":"compile error: ERROR: <input>:1:1: undeclared reference to 'state' (in container '')\n | state.isExplorationAvailable == true\n | ^"}
{"time":"2025-03-24T00:53:47.957173+08:00","level":"INFO","msg":"App initialized","accounts":2}
{"time":"2025-03-24T00:53:49.165426+08:00","level":"ERROR","msg":"trigger eval error","usecase":"Exploration Battle","trigger":"state.isExplorationAvailable == true","error":"compile error: ERROR: <input>:1:1: undeclared reference to 'state' (in container '')\n | state.isExplorationAvailable == true\n | ^"}
{"time":"2025-03-24T00:54:32.679422+08:00","level":"INFO","msg":"App initialized","accounts":2}
{"time":"2025-03-24T01:29:54.493919+08:00","level":"INFO","msg":"App initialized","accounts":2}
{"time":"2025-03-24T01:31:06.124849+08:00","level":"INFO","msg":"App initialized","accounts":2}
{"time":"2025-03-24T01:31:47.014393+08:00","level":"INFO","msg":"App initialized","accounts":2}
